This file contains any messages produced by compilers while
running configure, to aid debugging if configure makes a mistake.

It was created by telemetry configure 2.0, which was
generated by GNU Autoconf 2.71.  Invocation command line was

  $ ./configure --prefix=/tmp/test_install --disable-shared --enable-static

## --------- ##
## Platform. ##
## --------- ##

hostname = runnervmwhb2z
uname -m = x86_64
uname -r = 6.11.0-1018-azure
uname -s = Linux
uname -v = #18~24.04.1-Ubuntu SMP Sat Jun 28 04:46:03 UTC 2025

/usr/bin/uname -p = x86_64
/bin/uname -X     = unknown

/bin/arch              = x86_64
/usr/bin/arch -k       = unknown
/usr/convex/getsysinfo = unknown
/usr/bin/hostinfo      = unknown
/bin/machine           = unknown
/usr/bin/oslevel       = unknown
/bin/universe          = unknown

PATH: /snap/bin/
PATH: /home/runner/.local/bin/
PATH: /opt/pipx_bin/
PATH: /home/runner/.cargo/bin/
PATH: /home/runner/.config/composer/vendor/bin/
PATH: /usr/local/.ghcup/bin/
PATH: /home/runner/.dotnet/tools/
PATH: /usr/local/sbin/
PATH: /usr/local/bin/
PATH: /usr/sbin/
PATH: /usr/bin/
PATH: /sbin/
PATH: /bin/
PATH: /usr/games/
PATH: /usr/local/games/
PATH: /snap/bin/


## ----------- ##
## Core tests. ##
## ----------- ##

configure:2923: looking for aux files: compile config.guess config.sub ltmain.sh missing install-sh
configure:2936:  trying ./
configure:2965:   ./compile found
configure:2965:   ./config.guess found
configure:2965:   ./config.sub found
configure:2965:   ./ltmain.sh found
configure:2965:   ./missing found
configure:2947:   ./install-sh found
configure:3107: checking for a BSD-compatible install
configure:3180: result: /usr/bin/install -c
configure:3191: checking whether build environment is sane
configure:3246: result: yes
configure:3405: checking for a race-free mkdir -p
configure:3449: result: /usr/bin/mkdir -p
configure:3456: checking for gawk
configure:3477: found /usr/bin/gawk
configure:3488: result: gawk
configure:3499: checking whether make sets $(MAKE)
configure:3522: result: yes
configure:3552: checking whether make supports nested variables
configure:3570: result: yes
configure:3739: checking build system type
configure:3754: result: x86_64-pc-linux-gnu
configure:3774: checking host system type
configure:3788: result: x86_64-pc-linux-gnu
configure:3829: checking how to print strings
configure:3856: result: printf
configure:3890: checking whether make supports the include directive
configure:3905: make -f confmf.GNU && cat confinc.out
this is the am__doit target
configure:3908: $? = 0
configure:3927: result: yes (GNU style)
configure:4003: checking for gcc
configure:4024: found /usr/bin/gcc
configure:4035: result: gcc
configure:4388: checking for C compiler version
configure:4397: gcc --version >&5
gcc (Ubuntu 13.3.0-6ubuntu2~24.04) 13.3.0
Copyright (C) 2023 Free Software Foundation, Inc.
This is free software; see the source for copying conditions.  There is NO
warranty; not even for MERCHANTABILITY or FITNESS FOR A PARTICULAR PURPOSE.

configure:4408: $? = 0
configure:4397: gcc -v >&5
Using built-in specs.
COLLECT_GCC=gcc
COLLECT_LTO_WRAPPER=/usr/libexec/gcc/x86_64-linux-gnu/13/lto-wrapper
OFFLOAD_TARGET_NAMES=nvptx-none:amdgcn-amdhsa
OFFLOAD_TARGET_DEFAULT=1
Target: x86_64-linux-gnu
Configured with: ../src/configure -v --with-pkgversion='Ubuntu 13.3.0-6ubuntu2~24.04' --with-bugurl=file:///usr/share/doc/gcc-13/README.Bugs --enable-languages=c,ada,c++,go,d,fortran,objc,obj-c++,m2 --prefix=/usr --with-gcc-major-version-only --program-suffix=-13 --program-prefix=x86_64-linux-gnu- --enable-shared --enable-linker-build-id --libexecdir=/usr/libexec --without-included-gettext --enable-threads=posix --libdir=/usr/lib --enable-nls --enable-bootstrap --enable-clocale=gnu --enable-libstdcxx-debug --enable-libstdcxx-time=yes --with-default-libstdcxx-abi=new --enable-libstdcxx-backtrace --enable-gnu-unique-object --disable-vtable-verify --enable-plugin --enable-default-pie --with-system-zlib --enable-libphobos-checking=release --with-target-system-zlib=auto --enable-objc-gc=auto --enable-multiarch --disable-werror --enable-cet --with-arch-32=i686 --with-abi=m64 --with-multilib-list=m32,m64,mx32 --enable-multilib --with-tune=generic --enable-offload-targets=nvptx-none=/build/gcc-13-fG75Ri/gcc-13-13.3.0/debian/tmp-nvptx/usr,amdgcn-amdhsa=/build/gcc-13-fG75Ri/gcc-13-13.3.0/debian/tmp-gcn/usr --enable-offload-defaulted --without-cuda-driver --enable-checking=release --build=x86_64-linux-gnu --host=x86_64-linux-gnu --target=x86_64-linux-gnu --with-build-config=bootstrap-lto-lean --enable-link-serialization=2
Thread model: posix
Supported LTO compression algorithms: zlib zstd
gcc version 13.3.0 (Ubuntu 13.3.0-6ubuntu2~24.04) 
... rest of stderr output deleted ...
configure:4408: $? = 0
configure:4397: gcc -V >&5
gcc: error: unrecognized command-line option '-V'
gcc: fatal error: no input files
compilation terminated.
configure:4408: $? = 1
configure:4397: gcc -qversion >&5
gcc: error: unrecognized command-line option '-qversion'; did you mean '--version'?
gcc: fatal error: no input files
compilation terminated.
configure:4408: $? = 1
configure:4397: gcc -version >&5
gcc: error: unrecognized command-line option '-version'
gcc: fatal error: no input files
compilation terminated.
configure:4408: $? = 1
configure:4428: checking whether the C compiler works
configure:4450: gcc    conftest.c  >&5
configure:4454: $? = 0
configure:4504: result: yes
configure:4507: checking for C compiler default output file name
configure:4509: result: a.out
configure:4515: checking for suffix of executables
configure:4522: gcc -o conftest    conftest.c  >&5
configure:4526: $? = 0
configure:4549: result: 
configure:4571: checking whether we are cross compiling
configure:4579: gcc -o conftest    conftest.c  >&5
configure:4583: $? = 0
configure:4590: ./conftest
configure:4594: $? = 0
configure:4609: result: no
configure:4614: checking for suffix of object files
configure:4637: gcc -c   conftest.c >&5
configure:4641: $? = 0
configure:4663: result: o
configure:4667: checking whether the compiler supports GNU C
configure:4687: gcc -c   conftest.c >&5
configure:4687: $? = 0
configure:4697: result: yes
configure:4708: checking whether gcc accepts -g
configure:4729: gcc -c -g  conftest.c >&5
configure:4729: $? = 0
configure:4773: result: yes
configure:4793: checking for gcc option to enable C11 features
configure:4808: gcc  -c -g -O2  conftest.c >&5
configure:4808: $? = 0
configure:4826: result: none needed
configure:4942: checking whether gcc understands -c and -o together
configure:4965: gcc -c conftest.c -o conftest2.o
configure:4968: $? = 0
configure:4965: gcc -c conftest.c -o conftest2.o
configure:4968: $? = 0
configure:4980: result: yes
configure:4999: checking dependency style of gcc
configure:5111: result: gcc3
configure:5126: checking for a sed that does not truncate output
configure:5196: result: /usr/bin/sed
configure:5214: checking for grep that handles long lines and -e
configure:5278: result: /usr/bin/grep
configure:5283: checking for egrep
configure:5351: result: /usr/bin/grep -E
configure:5356: checking for fgrep
configure:5424: result: /usr/bin/grep -F
configure:5460: checking for ld used by gcc
configure:5528: result: /usr/bin/ld
configure:5535: checking if the linker (/usr/bin/ld) is GNU ld
configure:5551: result: yes
configure:5563: checking for BSD- or MS-compatible name lister (nm)
configure:5618: result: /usr/bin/nm -B
configure:5758: checking the name lister (/usr/bin/nm -B) interface
configure:5766: gcc -c -g -O2  conftest.c >&5
configure:5769: /usr/bin/nm -B "conftest.o"
configure:5772: output
0000000000000000 B some_variable
configure:5779: result: BSD nm
configure:5782: checking whether ln -s works
configure:5786: result: yes
configure:5794: checking the maximum length of command line arguments
configure:5926: result: 3145728
configure:5974: checking how to convert x86_64-pc-linux-gnu file names to x86_64-pc-linux-gnu format
configure:6015: result: func_convert_file_noop
configure:6022: checking how to convert x86_64-pc-linux-gnu file names to toolchain format
configure:6043: result: func_convert_file_noop
configure:6050: checking for /usr/bin/ld option to reload object files
configure:6058: result: -r
configure:6137: checking for file
configure:6158: found /usr/bin/file
configure:6169: result: file
configure:6245: checking for objdump
configure:6266: found /usr/bin/objdump
configure:6277: result: objdump
configure:6309: checking how to recognize dependent libraries
configure:6510: result: pass_all
configure:6600: checking for dlltool
configure:6635: result: no
configure:6665: checking how to associate runtime and link libraries
configure:6693: result: printf %s\n
configure:6759: checking for ar
configure:6780: found /usr/bin/ar
configure:6791: result: ar
configure:6844: checking for archiver @FILE support
configure:6862: gcc -c -g -O2  conftest.c >&5
configure:6862: $? = 0
configure:6866: ar cr libconftest.a @conftest.lst >&5
configure:6869: $? = 0
configure:6874: ar cr libconftest.a @conftest.lst >&5
ar: conftest.o: No such file or directory
configure:6877: $? = 1
configure:6889: result: @
configure:6952: checking for strip
configure:6973: found /usr/bin/strip
configure:6984: result: strip
configure:7061: checking for ranlib
configure:7082: found /usr/bin/ranlib
configure:7093: result: ranlib
configure:7195: checking command to parse /usr/bin/nm -B output from gcc object
configure:7349: gcc -c -g -O2  conftest.c >&5
configure:7352: $? = 0
configure:7356: /usr/bin/nm -B conftest.o | /usr/bin/sed -n -e 's/^.*[	 ]\([ABCDGIRSTW][ABCDGIRSTW]*\)[	 ][	 ]*\([_A-Za-z][_A-Za-z0-9]*\)$/\1 \2 \2/p' | /usr/bin/sed '/ __gnu_lto/d' > conftest.nm
configure:7422: gcc -o conftest -g -O2   conftest.c conftstm.o >&5
configure:7425: $? = 0
configure:7463: result: ok
configure:7510: checking for sysroot
configure:7541: result: no
configure:7548: checking for a working dd
configure:7592: result: /usr/bin/dd
configure:7596: checking how to truncate binary pipes
configure:7612: result: /usr/bin/dd bs=4096 count=1
configure:7749: gcc -c -g -O2  conftest.c >&5
configure:7752: $? = 0
configure:7949: checking for mt
configure:7970: found /usr/bin/mt
configure:7981: result: mt
configure:8004: checking if mt is a manifest tool
configure:8011: mt '-?'
configure:8019: result: no
configure:8744: checking for stdio.h
configure:8744: gcc -c -g -O2  conftest.c >&5
configure:8744: $? = 0
configure:8744: result: yes
configure:8744: checking for stdlib.h
configure:8744: gcc -c -g -O2  conftest.c >&5
configure:8744: $? = 0
configure:8744: result: yes
configure:8744: checking for string.h
configure:8744: gcc -c -g -O2  conftest.c >&5
configure:8744: $? = 0
configure:8744: result: yes
configure:8744: checking for inttypes.h
configure:8744: gcc -c -g -O2  conftest.c >&5
configure:8744: $? = 0
configure:8744: result: yes
configure:8744: checking for stdint.h
configure:8744: gcc -c -g -O2  conftest.c >&5
configure:8744: $? = 0
configure:8744: result: yes
configure:8744: checking for strings.h
configure:8744: gcc -c -g -O2  conftest.c >&5
configure:8744: $? = 0
configure:8744: result: yes
configure:8744: checking for sys/stat.h
configure:8744: gcc -c -g -O2  conftest.c >&5
configure:8744: $? = 0
configure:8744: result: yes
configure:8744: checking for sys/types.h
configure:8744: gcc -c -g -O2  conftest.c >&5
configure:8744: $? = 0
configure:8744: result: yes
configure:8744: checking for unistd.h
configure:8744: gcc -c -g -O2  conftest.c >&5
configure:8744: $? = 0
configure:8744: result: yes
configure:8769: checking for dlfcn.h
configure:8769: gcc -c -g -O2  conftest.c >&5
configure:8769: $? = 0
configure:8769: result: yes
configure:9028: checking for objdir
configure:9044: result: .libs
configure:9304: checking if gcc supports -fno-rtti -fno-exceptions
configure:9323: gcc -c -g -O2  -fno-rtti -fno-exceptions conftest.c >&5
cc1: warning: command-line option '-fno-rtti' is valid for C++/D/ObjC++ but not for C
configure:9327: $? = 0
configure:9340: result: no
configure:9704: checking for gcc option to produce PIC
configure:9712: result: -fPIC -DPIC
configure:9720: checking if gcc PIC flag -fPIC -DPIC works
configure:9739: gcc -c -g -O2  -fPIC -DPIC -DPIC conftest.c >&5
configure:9743: $? = 0
configure:9756: result: yes
configure:9785: checking if gcc static flag -static works
configure:9814: result: yes
configure:9829: checking if gcc supports -c -o file.o
configure:9851: gcc -c -g -O2  -o out/conftest2.o conftest.c >&5
configure:9855: $? = 0
configure:9877: result: yes
configure:9885: checking if gcc supports -c -o file.o
configure:9933: result: yes
configure:9966: checking whether the gcc linker (/usr/bin/ld -m elf_x86_64) supports shared libraries
configure:11240: result: yes
configure:11481: checking dynamic linker characteristics
configure:12063: gcc -o conftest -g -O2   -Wl,-rpath -Wl,/foo conftest.c  >&5
configure:12063: $? = 0
configure:12314: result: GNU/Linux ld.so
configure:12436: checking how to hardcode library paths into programs
configure:12461: result: immediate
configure:13013: checking whether stripping libraries is possible
configure:13022: result: yes
configure:13064: checking if libtool supports shared libraries
configure:13066: result: yes
configure:13069: checking whether to build shared libraries
configure:13094: result: no
configure:13097: checking whether to build static libraries
configure:13101: result: yes
configure:13239: checking for g++
configure:13260: found /usr/bin/g++
configure:13271: result: g++
configure:13298: checking for C++ compiler version
configure:13307: g++ --version >&5
g++ (Ubuntu 13.3.0-6ubuntu2~24.04) 13.3.0
Copyright (C) 2023 Free Software Foundation, Inc.
This is free software; see the source for copying conditions.  There is NO
warranty; not even for MERCHANTABILITY or FITNESS FOR A PARTICULAR PURPOSE.

configure:13318: $? = 0
configure:13307: g++ -v >&5
Using built-in specs.
COLLECT_GCC=g++
COLLECT_LTO_WRAPPER=/usr/libexec/gcc/x86_64-linux-gnu/13/lto-wrapper
OFFLOAD_TARGET_NAMES=nvptx-none:amdgcn-amdhsa
OFFLOAD_TARGET_DEFAULT=1
Target: x86_64-linux-gnu
Configured with: ../src/configure -v --with-pkgversion='Ubuntu 13.3.0-6ubuntu2~24.04' --with-bugurl=file:///usr/share/doc/gcc-13/README.Bugs --enable-languages=c,ada,c++,go,d,fortran,objc,obj-c++,m2 --prefix=/usr --with-gcc-major-version-only --program-suffix=-13 --program-prefix=x86_64-linux-gnu- --enable-shared --enable-linker-build-id --libexecdir=/usr/libexec --without-included-gettext --enable-threads=posix --libdir=/usr/lib --enable-nls --enable-bootstrap --enable-clocale=gnu --enable-libstdcxx-debug --enable-libstdcxx-time=yes --with-default-libstdcxx-abi=new --enable-libstdcxx-backtrace --enable-gnu-unique-object --disable-vtable-verify --enable-plugin --enable-default-pie --with-system-zlib --enable-libphobos-checking=release --with-target-system-zlib=auto --enable-objc-gc=auto --enable-multiarch --disable-werror --enable-cet --with-arch-32=i686 --with-abi=m64 --with-multilib-list=m32,m64,mx32 --enable-multilib --with-tune=generic --enable-offload-targets=nvptx-none=/build/gcc-13-fG75Ri/gcc-13-13.3.0/debian/tmp-nvptx/usr,amdgcn-amdhsa=/build/gcc-13-fG75Ri/gcc-13-13.3.0/debian/tmp-gcn/usr --enable-offload-defaulted --without-cuda-driver --enable-checking=release --build=x86_64-linux-gnu --host=x86_64-linux-gnu --target=x86_64-linux-gnu --with-build-config=bootstrap-lto-lean --enable-link-serialization=2
Thread model: posix
Supported LTO compression algorithms: zlib zstd
gcc version 13.3.0 (Ubuntu 13.3.0-6ubuntu2~24.04) 
... rest of stderr output deleted ...
configure:13318: $? = 0
configure:13307: g++ -V >&5
g++: error: unrecognized command-line option '-V'
g++: fatal error: no input files
compilation terminated.
configure:13318: $? = 1
configure:13307: g++ -qversion >&5
g++: error: unrecognized command-line option '-qversion'; did you mean '--version'?
g++: fatal error: no input files
compilation terminated.
configure:13318: $? = 1
configure:13322: checking whether the compiler supports GNU C++
configure:13342: g++ -c   conftest.cpp >&5
configure:13342: $? = 0
configure:13352: result: yes
configure:13363: checking whether g++ accepts -g
configure:13384: g++ -c -g  conftest.cpp >&5
configure:13384: $? = 0
configure:13428: result: yes
configure:13448: checking for g++ option to enable C++11 features
configure:13463: g++  -c -g -O2  conftest.cpp >&5
conftest.cpp: In function 'int main(int, char**)':
conftest.cpp:189:25: warning: empty parentheses were disambiguated as a function declaration [-Wvexing-parse]
  189 |   cxx11test::delegate d2();
      |                         ^~
conftest.cpp:189:25: note: remove parentheses to default-initialize a variable
  189 |   cxx11test::delegate d2();
      |                         ^~
      |                         --
conftest.cpp:189:25: note: or replace parentheses with braces to value-initialize a variable
configure:13463: $? = 0
configure:13481: result: none needed
configure:13547: checking dependency style of g++
configure:13659: result: gcc3
configure:13692: checking how to run the C++ preprocessor
configure:13714: g++ -E  conftest.cpp
configure:13714: $? = 0
configure:13729: g++ -E  conftest.cpp
conftest.cpp:23:10: fatal error: ac_nonexistent.h: No such file or directory
   23 | #include <ac_nonexistent.h>
      |          ^~~~~~~~~~~~~~~~~~
compilation terminated.
configure:13729: $? = 1
configure: failed program was:
| /* confdefs.h */
| #define PACKAGE_NAME "telemetry"
| #define PACKAGE_TARNAME "telemetry"
| #define PACKAGE_VERSION "2.0"
| #define PACKAGE_STRING "telemetry 2.0"
| #define PACKAGE_BUGREPORT ""
| #define PACKAGE_URL ""
| #define PACKAGE "telemetry"
| #define VERSION "2.0"
| #define HAVE_STDIO_H 1
| #define HAVE_STDLIB_H 1
| #define HAVE_STRING_H 1
| #define HAVE_INTTYPES_H 1
| #define HAVE_STDINT_H 1
| #define HAVE_STRINGS_H 1
| #define HAVE_SYS_STAT_H 1
| #define HAVE_SYS_TYPES_H 1
| #define HAVE_UNISTD_H 1
| #define STDC_HEADERS 1
| #define HAVE_DLFCN_H 1
| #define LT_OBJDIR ".libs/"
| /* end confdefs.h.  */
| #include <ac_nonexistent.h>
configure:13756: result: g++ -E
configure:13770: g++ -E  conftest.cpp
configure:13770: $? = 0
configure:13785: g++ -E  conftest.cpp
conftest.cpp:23:10: fatal error: ac_nonexistent.h: No such file or directory
   23 | #include <ac_nonexistent.h>
      |          ^~~~~~~~~~~~~~~~~~
compilation terminated.
configure:13785: $? = 1
configure: failed program was:
| /* confdefs.h */
| #define PACKAGE_NAME "telemetry"
| #define PACKAGE_TARNAME "telemetry"
| #define PACKAGE_VERSION "2.0"
| #define PACKAGE_STRING "telemetry 2.0"
| #define PACKAGE_BUGREPORT ""
| #define PACKAGE_URL ""
| #define PACKAGE "telemetry"
| #define VERSION "2.0"
| #define HAVE_STDIO_H 1
| #define HAVE_STDLIB_H 1
| #define HAVE_STRING_H 1
| #define HAVE_INTTYPES_H 1
| #define HAVE_STDINT_H 1
| #define HAVE_STRINGS_H 1
| #define HAVE_SYS_STAT_H 1
| #define HAVE_SYS_TYPES_H 1
| #define HAVE_UNISTD_H 1
| #define STDC_HEADERS 1
| #define HAVE_DLFCN_H 1
| #define LT_OBJDIR ".libs/"
| /* end confdefs.h.  */
| #include <ac_nonexistent.h>
configure:13950: checking for ld used by g++
configure:14018: result: /usr/bin/ld -m elf_x86_64
configure:14025: checking if the linker (/usr/bin/ld -m elf_x86_64) is GNU ld
configure:14041: result: yes
configure:14096: checking whether the g++ linker (/usr/bin/ld -m elf_x86_64) supports shared libraries
configure:15174: result: yes
configure:15210: g++ -c -g -O2  conftest.cpp >&5
configure:15213: $? = 0
configure:15694: checking for g++ option to produce PIC
configure:15702: result: -fPIC -DPIC
configure:15710: checking if g++ PIC flag -fPIC -DPIC works
configure:15729: g++ -c -g -O2  -fPIC -DPIC -DPIC conftest.cpp >&5
configure:15733: $? = 0
configure:15746: result: yes
configure:15769: checking if g++ static flag -static works
configure:15798: result: yes
configure:15810: checking if g++ supports -c -o file.o
configure:15832: g++ -c -g -O2  -o out/conftest2.o conftest.cpp >&5
configure:15836: $? = 0
configure:15858: result: yes
configure:15863: checking if g++ supports -c -o file.o
configure:15911: result: yes
configure:15941: checking whether the g++ linker (/usr/bin/ld -m elf_x86_64) supports shared libraries
configure:15984: result: yes
configure:16126: checking dynamic linker characteristics
configure:16886: result: GNU/Linux ld.so
configure:16951: checking how to hardcode library paths into programs
configure:16976: result: immediate
configure:17069: checking for gcc
configure:17101: result: gcc
configure:17454: checking for C compiler version
configure:17463: gcc --version >&5
gcc (Ubuntu 13.3.0-6ubuntu2~24.04) 13.3.0
Copyright (C) 2023 Free Software Foundation, Inc.
This is free software; see the source for copying conditions.  There is NO
warranty; not even for MERCHANTABILITY or FITNESS FOR A PARTICULAR PURPOSE.

configure:17474: $? = 0
configure:17463: gcc -v >&5
Using built-in specs.
COLLECT_GCC=gcc
COLLECT_LTO_WRAPPER=/usr/libexec/gcc/x86_64-linux-gnu/13/lto-wrapper
OFFLOAD_TARGET_NAMES=nvptx-none:amdgcn-amdhsa
OFFLOAD_TARGET_DEFAULT=1
Target: x86_64-linux-gnu
Configured with: ../src/configure -v --with-pkgversion='Ubuntu 13.3.0-6ubuntu2~24.04' --with-bugurl=file:///usr/share/doc/gcc-13/README.Bugs --enable-languages=c,ada,c++,go,d,fortran,objc,obj-c++,m2 --prefix=/usr --with-gcc-major-version-only --program-suffix=-13 --program-prefix=x86_64-linux-gnu- --enable-shared --enable-linker-build-id --libexecdir=/usr/libexec --without-included-gettext --enable-threads=posix --libdir=/usr/lib --enable-nls --enable-bootstrap --enable-clocale=gnu --enable-libstdcxx-debug --enable-libstdcxx-time=yes --with-default-libstdcxx-abi=new --enable-libstdcxx-backtrace --enable-gnu-unique-object --disable-vtable-verify --enable-plugin --enable-default-pie --with-system-zlib --enable-libphobos-checking=release --with-target-system-zlib=auto --enable-objc-gc=auto --enable-multiarch --disable-werror --enable-cet --with-arch-32=i686 --with-abi=m64 --with-multilib-list=m32,m64,mx32 --enable-multilib --with-tune=generic --enable-offload-targets=nvptx-none=/build/gcc-13-fG75Ri/gcc-13-13.3.0/debian/tmp-nvptx/usr,amdgcn-amdhsa=/build/gcc-13-fG75Ri/gcc-13-13.3.0/debian/tmp-gcn/usr --enable-offload-defaulted --without-cuda-driver --enable-checking=release --build=x86_64-linux-gnu --host=x86_64-linux-gnu --target=x86_64-linux-gnu --with-build-config=bootstrap-lto-lean --enable-link-serialization=2
Thread model: posix
Supported LTO compression algorithms: zlib zstd
gcc version 13.3.0 (Ubuntu 13.3.0-6ubuntu2~24.04) 
... rest of stderr output deleted ...
configure:17474: $? = 0
configure:17463: gcc -V >&5
gcc: error: unrecognized command-line option '-V'
gcc: fatal error: no input files
compilation terminated.
configure:17474: $? = 1
configure:17463: gcc -qversion >&5
gcc: error: unrecognized command-line option '-qversion'; did you mean '--version'?
gcc: fatal error: no input files
compilation terminated.
configure:17474: $? = 1
configure:17463: gcc -version >&5
gcc: error: unrecognized command-line option '-version'
gcc: fatal error: no input files
compilation terminated.
configure:17474: $? = 1
configure:17478: checking whether the compiler supports GNU C
configure:17508: result: yes
configure:17519: checking whether gcc accepts -g
configure:17584: result: yes
configure:17604: checking for gcc option to enable C11 features
configure:17637: result: none needed
configure:17753: checking whether gcc understands -c and -o together
configure:17791: result: yes
configure:17810: checking dependency style of gcc
configure:17922: result: gcc3
configure:17938: checking whether ln -s works
configure:17942: result: yes
configure:17954: checking how to run the C preprocessor
configure:17980: gcc -E  conftest.c
configure:17980: $? = 0
configure:17995: gcc -E  conftest.c
conftest.c:23:10: fatal error: ac_nonexistent.h: No such file or directory
   23 | #include <ac_nonexistent.h>
      |          ^~~~~~~~~~~~~~~~~~
compilation terminated.
configure:17995: $? = 1
configure: failed program was:
| /* confdefs.h */
| #define PACKAGE_NAME "telemetry"
| #define PACKAGE_TARNAME "telemetry"
| #define PACKAGE_VERSION "2.0"
| #define PACKAGE_STRING "telemetry 2.0"
| #define PACKAGE_BUGREPORT ""
| #define PACKAGE_URL ""
| #define PACKAGE "telemetry"
| #define VERSION "2.0"
| #define HAVE_STDIO_H 1
| #define HAVE_STDLIB_H 1
| #define HAVE_STRING_H 1
| #define HAVE_INTTYPES_H 1
| #define HAVE_STDINT_H 1
| #define HAVE_STRINGS_H 1
| #define HAVE_SYS_STAT_H 1
| #define HAVE_SYS_TYPES_H 1
| #define HAVE_UNISTD_H 1
| #define STDC_HEADERS 1
| #define HAVE_DLFCN_H 1
| #define LT_OBJDIR ".libs/"
| /* end confdefs.h.  */
| #include <ac_nonexistent.h>
configure:18022: result: gcc -E
configure:18036: gcc -E  conftest.c
configure:18036: $? = 0
configure:18051: gcc -E  conftest.c
conftest.c:23:10: fatal error: ac_nonexistent.h: No such file or directory
   23 | #include <ac_nonexistent.h>
      |          ^~~~~~~~~~~~~~~~~~
compilation terminated.
configure:18051: $? = 1
configure: failed program was:
| /* confdefs.h */
| #define PACKAGE_NAME "telemetry"
| #define PACKAGE_TARNAME "telemetry"
| #define PACKAGE_VERSION "2.0"
| #define PACKAGE_STRING "telemetry 2.0"
| #define PACKAGE_BUGREPORT ""
| #define PACKAGE_URL ""
| #define PACKAGE "telemetry"
| #define VERSION "2.0"
| #define HAVE_STDIO_H 1
| #define HAVE_STDLIB_H 1
| #define HAVE_STRING_H 1
| #define HAVE_INTTYPES_H 1
| #define HAVE_STDINT_H 1
| #define HAVE_STRINGS_H 1
| #define HAVE_SYS_STAT_H 1
| #define HAVE_SYS_TYPES_H 1
| #define HAVE_UNISTD_H 1
| #define STDC_HEADERS 1
| #define HAVE_DLFCN_H 1
| #define LT_OBJDIR ".libs/"
| /* end confdefs.h.  */
| #include <ac_nonexistent.h>
configure:18086: checking how to run the C++ preprocessor
configure:18150: result: g++ -E
configure:18164: g++ -E  conftest.cpp
configure:18164: $? = 0
configure:18179: g++ -E  conftest.cpp
conftest.cpp:23:10: fatal error: ac_nonexistent.h: No such file or directory
   23 | #include <ac_nonexistent.h>
      |          ^~~~~~~~~~~~~~~~~~
compilation terminated.
configure:18179: $? = 1
configure: failed program was:
| /* confdefs.h */
| #define PACKAGE_NAME "telemetry"
| #define PACKAGE_TARNAME "telemetry"
| #define PACKAGE_VERSION "2.0"
| #define PACKAGE_STRING "telemetry 2.0"
| #define PACKAGE_BUGREPORT ""
| #define PACKAGE_URL ""
| #define PACKAGE "telemetry"
| #define VERSION "2.0"
| #define HAVE_STDIO_H 1
| #define HAVE_STDLIB_H 1
| #define HAVE_STRING_H 1
| #define HAVE_INTTYPES_H 1
| #define HAVE_STDINT_H 1
| #define HAVE_STRINGS_H 1
| #define HAVE_SYS_STAT_H 1
| #define HAVE_SYS_TYPES_H 1
| #define HAVE_UNISTD_H 1
| #define STDC_HEADERS 1
| #define HAVE_DLFCN_H 1
| #define LT_OBJDIR ".libs/"
| /* end confdefs.h.  */
| #include <ac_nonexistent.h>
configure:18222: checking whether make supports nested variables
configure:18240: result: yes
configure:18256: checking for egrep
configure:18324: result: /usr/bin/grep -E
configure:18331: checking for uint8_t
configure:18331: gcc -c -g -O2  conftest.c >&5
configure:18331: $? = 0
configure:18331: result: yes
configure:18343: checking for GNU libc compatible malloc
configure:18375: gcc -o conftest -g -O2   conftest.c  >&5
configure:18375: $? = 0
configure:18375: ./conftest
configure:18375: $? = 0
configure:18386: result: yes
configure:18468: checking for pkg-config
configure:18491: found /usr/bin/pkg-config
configure:18503: result: /usr/bin/pkg-config
configure:18528: checking pkg-config is at least version 0.9.0
configure:18531: result: yes
configure:18541: checking for glib-2.0 >= 2.24.0
configure:18548: $PKG_CONFIG --exists --print-errors "glib-2.0 >= 2.24.0"
Package glib-2.0 was not found in the pkg-config search path.
Perhaps you should add the directory containing `glib-2.0.pc'
to the PKG_CONFIG_PATH environment variable
Package 'glib-2.0', required by 'virtual:world', not found
configure:18551: $? = 1
configure:18565: $PKG_CONFIG --exists --print-errors "glib-2.0 >= 2.24.0"
Package glib-2.0 was not found in the pkg-config search path.
Perhaps you should add the directory containing `glib-2.0.pc'
to the PKG_CONFIG_PATH environment variable
Package 'glib-2.0', required by 'virtual:world', not found
configure:18568: $? = 1
configure:18582: result: no
Package 'glib-2.0', required by 'virtual:world', not found
configure:18598: error: Package requirements (glib-2.0 >= 2.24.0) were not met:

Package 'glib-2.0', required by 'virtual:world', not found

Consider adjusting the PKG_CONFIG_PATH environment variable if you
installed software in a non-standard prefix.

Alternatively, you may set the environment variables GLIB_CFLAGS
and GLIB_LIBS to avoid the need to call pkg-config.
See the pkg-config man page for more details.

## ---------------- ##
## Cache variables. ##
## ---------------- ##

ac_cv_build=x86_64-pc-linux-gnu
ac_cv_c_compiler_gnu=yes
ac_cv_c_uint8_t=yes
ac_cv_cxx_compiler_gnu=yes
ac_cv_env_CCC_set=
ac_cv_env_CCC_value=
ac_cv_env_CC_set=
ac_cv_env_CC_value=
ac_cv_env_CFLAGS_set=
ac_cv_env_CFLAGS_value=
ac_cv_env_CPPFLAGS_set=
ac_cv_env_CPPFLAGS_value=
ac_cv_env_CPP_set=
ac_cv_env_CPP_value=
ac_cv_env_CXXCPP_set=
ac_cv_env_CXXCPP_value=
ac_cv_env_CXXFLAGS_set=
ac_cv_env_CXXFLAGS_value=
ac_cv_env_CXX_set=
ac_cv_env_CXX_value=
ac_cv_env_GLIB_CFLAGS_set=
ac_cv_env_GLIB_CFLAGS_value=
ac_cv_env_GLIB_LIBS_set=
ac_cv_env_GLIB_LIBS_value=
ac_cv_env_LDFLAGS_set=
ac_cv_env_LDFLAGS_value=
ac_cv_env_LIBS_set=
ac_cv_env_LIBS_value=
ac_cv_env_LT_SYS_LIBRARY_PATH_set=
ac_cv_env_LT_SYS_LIBRARY_PATH_value=
ac_cv_env_PKG_CONFIG_LIBDIR_set=
ac_cv_env_PKG_CONFIG_LIBDIR_value=
ac_cv_env_PKG_CONFIG_PATH_set=
ac_cv_env_PKG_CONFIG_PATH_value=
ac_cv_env_PKG_CONFIG_set=
ac_cv_env_PKG_CONFIG_value=
ac_cv_env_build_alias_set=
ac_cv_env_build_alias_value=
ac_cv_env_host_alias_set=
ac_cv_env_host_alias_value=
ac_cv_env_target_alias_set=
ac_cv_env_target_alias_value=
ac_cv_func_malloc_0_nonnull=yes
ac_cv_header_dlfcn_h=yes
ac_cv_header_inttypes_h=yes
ac_cv_header_stdint_h=yes
ac_cv_header_stdio_h=yes
ac_cv_header_stdlib_h=yes
ac_cv_header_string_h=yes
ac_cv_header_strings_h=yes
ac_cv_header_sys_stat_h=yes
ac_cv_header_sys_types_h=yes
ac_cv_header_unistd_h=yes
ac_cv_host=x86_64-pc-linux-gnu
ac_cv_objext=o
ac_cv_path_EGREP='/usr/bin/grep -E'
ac_cv_path_FGREP='/usr/bin/grep -F'
ac_cv_path_GREP=/usr/bin/grep
ac_cv_path_SED=/usr/bin/sed
ac_cv_path_ac_pt_PKG_CONFIG=/usr/bin/pkg-config
ac_cv_path_install='/usr/bin/install -c'
ac_cv_path_lt_DD=/usr/bin/dd
ac_cv_path_mkdir=/usr/bin/mkdir
ac_cv_prog_AWK=gawk
ac_cv_prog_CPP='gcc -E'
ac_cv_prog_CXXCPP='g++ -E'
ac_cv_prog_ac_ct_AR=ar
ac_cv_prog_ac_ct_CC=gcc
ac_cv_prog_ac_ct_CXX=g++
ac_cv_prog_ac_ct_FILECMD=file
ac_cv_prog_ac_ct_MANIFEST_TOOL=mt
ac_cv_prog_ac_ct_OBJDUMP=objdump
ac_cv_prog_ac_ct_RANLIB=ranlib
ac_cv_prog_ac_ct_STRIP=strip
ac_cv_prog_cc_c11=
ac_cv_prog_cc_g=yes
ac_cv_prog_cc_stdc=
ac_cv_prog_cxx_cxx11=
ac_cv_prog_cxx_g=yes
ac_cv_prog_cxx_stdcxx=
ac_cv_prog_make_make_set=yes
am_cv_CC_dependencies_compiler_type=gcc3
am_cv_CXX_dependencies_compiler_type=gcc3
am_cv_make_support_nested_variables=yes
am_cv_prog_cc_c_o=yes
lt_cv_ar_at_file=@
lt_cv_deplibs_check_method=pass_all
lt_cv_file_magic_cmd='$MAGIC_CMD'
lt_cv_file_magic_test_file=
lt_cv_ld_reload_flag=-r
lt_cv_nm_interface='BSD nm'
lt_cv_objdir=.libs
lt_cv_path_LD=/usr/bin/ld
lt_cv_path_LDCXX='/usr/bin/ld -m elf_x86_64'
lt_cv_path_NM='/usr/bin/nm -B'
lt_cv_path_mainfest_tool=no
lt_cv_prog_compiler_c_o=yes
lt_cv_prog_compiler_c_o_CXX=yes
lt_cv_prog_compiler_pic='-fPIC -DPIC'
lt_cv_prog_compiler_pic_CXX='-fPIC -DPIC'
lt_cv_prog_compiler_pic_works=yes
lt_cv_prog_compiler_pic_works_CXX=yes
lt_cv_prog_compiler_rtti_exceptions=no
lt_cv_prog_compiler_static_works=yes
lt_cv_prog_compiler_static_works_CXX=yes
lt_cv_prog_gnu_ld=yes
lt_cv_prog_gnu_ldcxx=yes
lt_cv_sharedlib_from_linklib_cmd='printf %s\n'
lt_cv_shlibpath_overrides_runpath=yes
lt_cv_sys_global_symbol_pipe='/usr/bin/sed -n -e '\''s/^.*[	 ]\([ABCDGIRSTW][ABCDGIRSTW]*\)[	 ][	 ]*\([_A-Za-z][_A-Za-z0-9]*\)$/\1 \2 \2/p'\'' | /usr/bin/sed '\''/ __gnu_lto/d'\'''
lt_cv_sys_global_symbol_to_c_name_address='/usr/bin/sed -n -e '\''s/^: \(.*\) .*$/  {"\1", (void *) 0},/p'\'' -e '\''s/^[ABCDGIRSTW][ABCDGIRSTW]* .* \(.*\)$/  {"\1", (void *) \&\1},/p'\'''
lt_cv_sys_global_symbol_to_c_name_address_lib_prefix='/usr/bin/sed -n -e '\''s/^: \(.*\) .*$/  {"\1", (void *) 0},/p'\'' -e '\''s/^[ABCDGIRSTW][ABCDGIRSTW]* .* \(lib.*\)$/  {"\1", (void *) \&\1},/p'\'' -e '\''s/^[ABCDGIRSTW][ABCDGIRSTW]* .* \(.*\)$/  {"lib\1", (void *) \&\1},/p'\'''
lt_cv_sys_global_symbol_to_cdecl='/usr/bin/sed -n -e '\''s/^T .* \(.*\)$/extern int \1();/p'\'' -e '\''s/^[ABCDGIRSTW][ABCDGIRSTW]* .* \(.*\)$/extern char \1;/p'\'''
lt_cv_sys_global_symbol_to_import=
lt_cv_sys_max_cmd_len=3145728
lt_cv_to_host_file_cmd=func_convert_file_noop
lt_cv_to_tool_file_cmd=func_convert_file_noop
lt_cv_truncate_bin='/usr/bin/dd bs=4096 count=1'

## ----------------- ##
## Output variables. ##
## ----------------- ##

ACLOCAL='${SHELL} '\''/home/runner/work/telemetry/telemetry/missing'\'' aclocal-1.16'
AMDEPBACKSLASH='\'
AMDEP_FALSE='#'
AMDEP_TRUE=''
AMTAR='$${TAR-tar}'
AM_BACKSLASH='\'
AM_DEFAULT_V='$(AM_DEFAULT_VERBOSITY)'
AM_DEFAULT_VERBOSITY='0'
AM_V='$(V)'
AR='ar'
AUTOCONF='${SHELL} '\''/home/runner/work/telemetry/telemetry/missing'\'' autoconf'
AUTOHEADER='${SHELL} '\''/home/runner/work/telemetry/telemetry/missing'\'' autoheader'
AUTOMAKE='${SHELL} '\''/home/runner/work/telemetry/telemetry/missing'\'' automake-1.16'
AWK='gawk'
CC='gcc'
CCDEPMODE='depmode=gcc3'
CFLAGS='-g -O2'
CPP='gcc -E'
CPPFLAGS=''
CSCOPE='cscope'
CTAGS='ctags'
CXX='g++'
CXXCPP='g++ -E'
CXXDEPMODE='depmode=gcc3'
CXXFLAGS='-g -O2'
CYGPATH_W='echo'
DEFS=''
DEPDIR='.deps'
DLLTOOL='false'
DSYMUTIL=''
DUMPBIN=''
ECHO_C=''
ECHO_N='-n'
ECHO_T=''
EGREP='/usr/bin/grep -E'
ENABLE_CCSP_SUPPORT_FALSE=''
ENABLE_CCSP_SUPPORT_TRUE=''
ENABLE_DEVICE_EXTENDER_FALSE=''
ENABLE_DEVICE_EXTENDER_TRUE=''
ENABLE_TESTS_FALSE=''
ENABLE_TESTS_TRUE=''
ETAGS='etags'
EXEEXT=''
FGREP='/usr/bin/grep -F'
FILECMD='file'
GLIB_CFLAGS=''
GLIB_LIBS=''
GREP='/usr/bin/grep'
GTEST_ENABLE_FLAG=''
INSTALL_DATA='${INSTALL} -m 644'
INSTALL_PROGRAM='${INSTALL}'
INSTALL_SCRIPT='${INSTALL}'
INSTALL_STRIP_PROGRAM='$(install_sh) -c -s'
IS_LIBRDKCERTSEL_ENABLED_FALSE=''
IS_LIBRDKCERTSEL_ENABLED_TRUE=''
IS_LIBRDKCONFIG_ENABLED_FALSE=''
IS_LIBRDKCONFIG_ENABLED_TRUE=''
IS_LIBSYSWRAPPER_ENABLED_FALSE=''
IS_LIBSYSWRAPPER_ENABLED_TRUE=''
IS_PRIVACYCONTROL_ENABLED_FALSE=''
IS_PRIVACYCONTROL_ENABLED_TRUE=''
LD='/usr/bin/ld -m elf_x86_64'
LDFLAGS=''
LIBOBJS=''
LIBRDKCERTSEL_FLAG=''
LIBRDKCONFIG_FLAG=''
LIBS=''
LIBSYSWRAPPER_FLAG=' '
LIBTOOL='$(SHELL) $(top_builddir)/libtool'
LIPO=''
LN_S='ln -s'
LTLIBOBJS=''
LT_SYS_LIBRARY_PATH=''
MAKEINFO='${SHELL} '\''/home/runner/work/telemetry/telemetry/missing'\'' makeinfo'
MANIFEST_TOOL=':'
MKDIR_P='/usr/bin/mkdir -p'
NM='/usr/bin/nm -B'
NMEDIT=''
OBJDUMP='objdump'
OBJEXT='o'
OTOOL64=''
OTOOL=''
PACKAGE='telemetry'
PACKAGE_BUGREPORT=''
PACKAGE_NAME='telemetry'
PACKAGE_STRING='telemetry 2.0'
PACKAGE_TARNAME='telemetry'
PACKAGE_URL=''
PACKAGE_VERSION='2.0'
PATH_SEPARATOR=':'
PKG_CONFIG='/usr/bin/pkg-config'
PKG_CONFIG_LIBDIR=''
PKG_CONFIG_PATH=''
PRIVACYCONTROL_FLAG=''
RANLIB='ranlib'
RDKLOGGER_ENABLE_FALSE=''
RDKLOGGER_ENABLE_TRUE=''
SED='/usr/bin/sed'
SET_MAKE=''
SHELL='/bin/bash'
STRIP='strip'
VERSION='2.0'
WEBCONFIG_FRAMEWORK_ENABLE_FALSE=''
WEBCONFIG_FRAMEWORK_ENABLE_TRUE=''
WITH_GTEST_SUPPORT_FALSE=''
WITH_GTEST_SUPPORT_TRUE='#'
ac_ct_AR='ar'
ac_ct_CC='gcc'
ac_ct_CXX='g++'
ac_ct_DUMPBIN=''
am__EXEEXT_FALSE=''
am__EXEEXT_TRUE=''
am__fastdepCC_FALSE='#'
am__fastdepCC_TRUE=''
am__fastdepCXX_FALSE='#'
am__fastdepCXX_TRUE=''
am__include='include'
am__isrc=''
am__leading_dot='.'
am__nodep='_no'
am__quote=''
am__tar='$${TAR-tar} chof - "$$tardir"'
am__untar='$${TAR-tar} xf -'
bindir='${exec_prefix}/bin'
build='x86_64-pc-linux-gnu'
build_alias=''
build_cpu='x86_64'
build_os='linux-gnu'
build_vendor='pc'
datadir='${datarootdir}'
datarootdir='${prefix}/share'
docdir='${datarootdir}/doc/${PACKAGE_TARNAME}'
dvidir='${docdir}'
exec_prefix='NONE'
host='x86_64-pc-linux-gnu'
host_alias=''
host_cpu='x86_64'
host_os='linux-gnu'
host_vendor='pc'
htmldir='${docdir}'
includedir='${prefix}/include'
infodir='${datarootdir}/info'
install_sh='${SHELL} /home/runner/work/telemetry/telemetry/install-sh'
libdir='${exec_prefix}/lib'
libexecdir='${exec_prefix}/libexec'
localedir='${datarootdir}/locale'
localstatedir='${prefix}/var'
mandir='${datarootdir}/man'
mkdir_p='$(MKDIR_P)'
oldincludedir='/usr/include'
pdfdir='${docdir}'
prefix='/tmp/test_install'
program_transform_name='s,x,x,'
psdir='${docdir}'
runstatedir='${localstatedir}/run'
sbindir='${exec_prefix}/sbin'
sharedstatedir='${prefix}/com'
sysconfdir='${prefix}/etc'
target_alias=''

## ----------- ##
## confdefs.h. ##
## ----------- ##

/* confdefs.h */
#define PACKAGE_NAME "telemetry"
#define PACKAGE_TARNAME "telemetry"
#define PACKAGE_VERSION "2.0"
#define PACKAGE_STRING "telemetry 2.0"
#define PACKAGE_BUGREPORT ""
#define PACKAGE_URL ""
#define PACKAGE "telemetry"
#define VERSION "2.0"
#define HAVE_STDIO_H 1
#define HAVE_STDLIB_H 1
#define HAVE_STRING_H 1
#define HAVE_INTTYPES_H 1
#define HAVE_STDINT_H 1
#define HAVE_STRINGS_H 1
#define HAVE_SYS_STAT_H 1
#define HAVE_SYS_TYPES_H 1
#define HAVE_UNISTD_H 1
#define STDC_HEADERS 1
#define HAVE_DLFCN_H 1
#define LT_OBJDIR ".libs/"
#define HAVE_MALLOC 1

configure: exit 1
